<?xml version="1.0" encoding="UTF-8"?>
<testng-results skipped="0" failed="0" total="1" passed="1">
  <reporter-output>
  </reporter-output>
  <suite name="Default suite" duration-ms="22307" started-at="2020-06-18T03:21:43Z" finished-at="2020-06-18T03:22:06Z">
    <groups>
      <group name="cucumber">
        <method signature="AbstractTestNGCucumberTests.feature(cucumber.api.testng.CucumberFeatureWrapper)[pri:0, instance:com.TestRunner.testrunner@184cf7cf]" name="feature" class="cucumber.api.testng.AbstractTestNGCucumberTests"/>
      </group> <!-- cucumber -->
    </groups>
    <test name="Default test" duration-ms="22307" started-at="2020-06-18T03:21:43Z" finished-at="2020-06-18T03:22:06Z">
      <class name="com.TestRunner.testrunner">
        <test-method status="PASS" signature="setUpClass()[pri:0, instance:com.TestRunner.testrunner@184cf7cf]" name="setUpClass" is-config="true" duration-ms="299" started-at="2020-06-17T22:21:43Z" finished-at="2020-06-17T22:21:44Z">
          <reporter-output>
          </reporter-output>
        </test-method> <!-- setUpClass -->
        <test-method status="PASS" signature="feature(cucumber.api.testng.CucumberFeatureWrapper)[pri:0, instance:com.TestRunner.testrunner@184cf7cf]" name="feature" duration-ms="21352" started-at="2020-06-17T22:21:44Z" description="Runs Cucumber Feature" data-provider="features" finished-at="2020-06-17T22:22:05Z">
          <params>
            <param index="0">
              <value>
                <![CDATA[OrangeHRM Website]]>
              </value>
            </param>
          </params>
          <reporter-output>
          </reporter-output>
        </test-method> <!-- feature -->
        <test-method status="PASS" signature="tearDownClass()[pri:0, instance:com.TestRunner.testrunner@184cf7cf]" name="tearDownClass" is-config="true" duration-ms="397" started-at="2020-06-17T22:22:05Z" finished-at="2020-06-17T22:22:06Z">
          <reporter-output>
          </reporter-output>
        </test-method> <!-- tearDownClass -->
      </class> <!-- com.TestRunner.testrunner -->
    </test> <!-- Default test -->
  </suite> <!-- Default suite -->
</testng-results>
