<?xml version="1.0" encoding="UTF-8"?>
<testng-results skipped="1" failed="0" total="1" passed="0">
  <reporter-output>
  </reporter-output>
  <suite name="Suite" duration-ms="281" started-at="2020-06-18T04:13:34Z" finished-at="2020-06-18T04:13:34Z">
    <groups>
    </groups>
    <test name="Test" duration-ms="281" started-at="2020-06-18T04:13:34Z" finished-at="2020-06-18T04:13:34Z">
      <class name="com.Pages.OrangeHRM_cucuTestcase">
        <test-method status="FAIL" signature="beforeTest()[pri:0, instance:com.Pages.OrangeHRM_cucuTestcase@5a955565]" name="beforeTest" is-config="true" duration-ms="0" started-at="2020-06-17T23:13:34Z" finished-at="2020-06-17T23:13:34Z">
          <exception class="java.io.FileNotFoundException">
            <message>
              <![CDATA[D:\Geetha\Software\latest_software_qa\WorkShop_CucumberProject\src\test\resources\config properties\config.properties (The system cannot find the path specified)]]>
            </message>
            <full-stacktrace>
              <![CDATA[java.io.FileNotFoundException: D:\Geetha\Software\latest_software_qa\WorkShop_CucumberProject\src\test\resources\config properties\config.properties (The system cannot find the path specified)
	at java.io.FileInputStream.open0(Native Method)
	at java.io.FileInputStream.open(Unknown Source)
	at java.io.FileInputStream.<init>(Unknown Source)
	at java.io.FileInputStream.<init>(Unknown Source)
	at com.BaseClass.LibraryClass.LaunchApplication(LibraryClass.java:19)
	at com.Pages.OrangeHRM_cucuTestcase.beforeTest(OrangeHRM_cucuTestcase.java:18)
	at sun.reflect.NativeMethodAccessorImpl.invoke0(Native Method)
	at sun.reflect.NativeMethodAccessorImpl.invoke(Unknown Source)
	at sun.reflect.DelegatingMethodAccessorImpl.invoke(Unknown Source)
	at java.lang.reflect.Method.invoke(Unknown Source)
	at org.testng.internal.MethodInvocationHelper.invokeMethod(MethodInvocationHelper.java:100)
	at org.testng.internal.Invoker.invokeConfigurationMethod(Invoker.java:515)
	at org.testng.internal.Invoker.invokeConfigurations(Invoker.java:216)
	at org.testng.internal.Invoker.invokeConfigurations(Invoker.java:143)
	at org.testng.TestRunner.beforeRun(TestRunner.java:631)
	at org.testng.TestRunner.run(TestRunner.java:599)
	at org.testng.SuiteRunner.runTest(SuiteRunner.java:368)
	at org.testng.SuiteRunner.runSequentially(SuiteRunner.java:363)
	at org.testng.SuiteRunner.privateRun(SuiteRunner.java:321)
	at org.testng.SuiteRunner.run(SuiteRunner.java:270)
	at org.testng.SuiteRunnerWorker.runSuite(SuiteRunnerWorker.java:52)
	at org.testng.SuiteRunnerWorker.run(SuiteRunnerWorker.java:86)
	at org.testng.TestNG.runSuitesSequentially(TestNG.java:1284)
	at org.testng.TestNG.runSuitesLocally(TestNG.java:1209)
	at org.testng.TestNG.runSuites(TestNG.java:1124)
	at org.testng.TestNG.run(TestNG.java:1096)
	at org.testng.remote.AbstractRemoteTestNG.run(AbstractRemoteTestNG.java:114)
	at org.testng.remote.RemoteTestNG.initAndRun(RemoteTestNG.java:251)
	at org.testng.remote.RemoteTestNG.main(RemoteTestNG.java:77)
]]>
            </full-stacktrace>
          </exception> <!-- java.io.FileNotFoundException -->
          <reporter-output>
          </reporter-output>
        </test-method> <!-- beforeTest -->
        <test-method status="SKIP" signature="orange_login()[pri:1, instance:com.Pages.OrangeHRM_cucuTestcase@5a955565]" name="orange_login" duration-ms="16" started-at="2020-06-17T23:13:34Z" finished-at="2020-06-17T23:13:34Z">
          <reporter-output>
          </reporter-output>
        </test-method> <!-- orange_login -->
      </class> <!-- com.Pages.OrangeHRM_cucuTestcase -->
    </test> <!-- Test -->
  </suite> <!-- Suite -->
</testng-results>
